Build started 9/10/2015 10:06:47 AM.
     1>Project "c:\Users\Khurram\documents\visual studio 2010\Projects\Operators\Operators\Operators.vcxproj" on node 2 (build target(s)).
     1>InitializeBuildStatus:
         Creating "Debug\Operators.unsuccessfulbuild" because "AlwaysCreate" was specified.
       ClCompile:
         C:\Program Files\Microsoft Visual Studio 10.0\VC\bin\CL.exe /c /ZI /nologo /W3 /WX- /Od /Oy- /D _MBCS /Gm /EHsc /RTC1 /MDd /GS /fp:precise /Zc:wchar_t /Zc:forScope /Fo"Debug\\" /Fd"Debug\vc100.pdb" /Gd /TP /analyze- /errorReport:prompt Operators.cpp
         Operators.cpp
     1>c:\users\khurram\documents\visual studio 2010\projects\operators\operators\operators.cpp(50): warning C4804: '~' : unsafe use of type 'bool' in operation
     1>c:\users\khurram\documents\visual studio 2010\projects\operators\operators\operators.cpp(85): warning C4996: 'getch': The POSIX name for this item is deprecated. Instead, use the ISO C++ conformant name: _getch. See online help for details.
                 c:\program files\microsoft visual studio 10.0\vc\include\conio.h(128) : see declaration of 'getch'
     1>c:\users\khurram\documents\visual studio 2010\projects\operators\operators\operators.cpp(77): warning C4101: 'n' : unreferenced local variable
     1>c:\users\khurram\documents\visual studio 2010\projects\operators\operators\operators.cpp(73): warning C4101: 'k' : unreferenced local variable
     1>c:\users\khurram\documents\visual studio 2010\projects\operators\operators\operators.cpp(75): warning C4101: 'm' : unreferenced local variable
       Link:
         C:\Program Files\Microsoft Visual Studio 10.0\VC\bin\link.exe /ERRORREPORT:PROMPT /OUT:"c:\users\khurram\documents\visual studio 2010\Projects\Operators\Debug\Operators.exe" /NOLOGO kernel32.lib user32.lib gdi32.lib winspool.lib comdlg32.lib advapi32.lib shell32.lib ole32.lib oleaut32.lib uuid.lib odbc32.lib odbccp32.lib /MANIFEST /ManifestFile:"Debug\Operators.exe.intermediate.manifest" /MANIFESTUAC:"level='asInvoker' uiAccess='false'" /DEBUG /PDB:"c:\users\khurram\documents\visual studio 2010\Projects\Operators\Debug\Operators.pdb" /TLBID:1 /DYNAMICBASE /NXCOMPAT /IMPLIB:"c:\users\khurram\documents\visual studio 2010\Projects\Operators\Debug\Operators.lib" /MACHINE:X86 Debug\Operators.obj
         LINK : c:\users\khurram\documents\visual studio 2010\Projects\Operators\Debug\Operators.exe not found or not built by the last incremental link; performing full link
         Operators.vcxproj -> c:\users\khurram\documents\visual studio 2010\Projects\Operators\Debug\Operators.exe
       Manifest:
         C:\Program Files\Microsoft SDKs\Windows\v7.0A\bin\mt.exe /nologo /verbose /outputresource:"c:\users\khurram\documents\visual studio 2010\Projects\Operators\Debug\Operators.exe;#1" /manifest Debug\Operators.exe.intermediate.manifest
       FinalizeBuildStatus:
         Deleting file "Debug\Operators.unsuccessfulbuild".
         Touching "Debug\Operators.lastbuildstate".
     1>Done Building Project "c:\Users\Khurram\documents\visual studio 2010\Projects\Operators\Operators\Operators.vcxproj" (build target(s)).

Build succeeded.

Time Elapsed 00:00:00.68
